tp1q5
1000
13512033
2018-10-22 20:04:49
 [0]          1          2        230          1          8     414322
 [6]     -43971         22    -409881  461628137       -297         -2
[12]       1009         -7        163         55        -21       -183
[18]        106     200682     -21247      -6994       -218      80903
[24]      -1570       7852    1337711       -300         38      -3446
[30]         -7    8311355 -387912897   77982682    -943387     -14458
[36]    4026272         20   93332590    7378185        570        172
[42]       -305   24051354          1        -12     247259   -2223186
[48]     -45860 -121323191       2931         29     -26255      -3420
[54]    4024826     -46691         -1        -80      -3077         78
[60]   -1779013  147133896    -946082  119132969     -73572         16
[66]    2135384  871919308      37590       1258  245805015     -49084
[72] -239869147     -18038        -79    2127743     -19685        -10
[78]  149812446     -46308          3   -1403374   92810387 2059986244
[84]         73    2713841  208754951         -6      -1539         15
[90]    -226767  499763706     270204   -3732087   -2968667    -766770
[96]    -422991  108090632        504    7391275
2572 comparisons
 [0]   -2223186   -1403374    -946082    -766770     -73572     -49084
 [6]     -46308     -45860     -18038     -14458      -6994      -3446
[12]      -3420      -1570       -300       -218        -80        -12
[18]        -10         -6         -2          2          8         16
[24]         20         22         38         78        106        172
[30]        230        504        570       1258       7852      37590
[36]     200682     270204     414322    2135384    4024826    4026272
[42]   24051354   77982682   93332590  108090632  147133896  149812446
[48]  499763706  871919308 2059986244 -387912897 -239869147 -121323191
[54]   -3732087   -2968667   -1779013    -943387    -422991    -409881
[60]    -226767     -46691     -43971     -26255     -21247     -19685
[66]      -3077      -1539       -305       -297       -183        -79
[72]        -21         -7         -7         -1          1          1
[78]          1          3         15         29         55         73
[84]        163       1009       2931      80903     247259    1337711
[90]    2127743    2713841    7378185    7391275    8311355   92810387
[96]  119132969  208754951  245805015  461628137
