tp1q1
1000
13493122
2018-10-22 14:49:38
int_width(337214833) = 9
int_width(1784695044) = 10
int_width(1366730670) = 10
int_width(-644476102) = 10
int_width(1155691637) = 10
int_width(-1082377502) = 11
int_width(2088351454) = 10
int_width(-1718705349) = 11
int_width(1051708471) = 10
int_width(528529929) = 9
int_width(-2147483648) = 11
int_width(-100000) = 7
int_width(-99999) = 6
int_width(-10000) = 6
int_width(-9999) = 5
int_width(-1000) = 5
int_width(-999) = 4
int_width(-100) = 4
int_width(-99) = 3
int_width(-10) = 3
int_width(-9) = 2
int_width(-1) = 2
int_width(0) = 1
int_width(1) = 1
int_width(9) = 1
int_width(10) = 2
int_width(99) = 2
int_width(100) = 3
int_width(999) = 3
int_width(1000) = 4
int_width(9999) = 4
int_width(10000) = 5
int_width(99999) = 5
int_width(100000) = 6
int_width(999999999) = 9
int_width(1000000000) = 10
int_width(2147483647) = 10
