tp1q3
1000
13507493
2018-10-22 18:49:09
[0] 883714761
[0] 883714761     18280        -2   2413593
[0]  883714761      18280         -2    2413593   -1212826   -1749662          2
[7] -513121776  659213633     211399
 [0]  883714761      18280         -2    2413593   -1212826   -1749662
 [6]          2 -513121776  659213633     211399         -6     103287
[12]  820527027        219        -81      -8695          1  118243351
[18]    -885437        -71
 [0]   883714761       18280          -2     2413593    -1212826    -1749662
 [6]           2  -513121776   659213633      211399          -6      103287
[12]   820527027         219         -81       -8695           1   118243351
[18]     -885437         -71   -80844930          32        -969   -38424495
[24]     -344040       -8000       99201   268391057      -94501     -221124
[30]   -35447336     -217942        4566      -18560     -198408   -88155172
[36]      121603         312        -406           0     -212428     -555863
[42]          75          -1    -1745168     -142453    61843801     2767261
[48]      -32061      786355         181    15373361      -21776          62
[54]  -225378468   -69735799    -2378282         -19 -1598975889    16737472
[60]           1    -2445465        2043     2415616         726         223
[66]      -26844       -7395 -2045879993       -3909        -282       -6189
[72]       -3104  1609529011           2      -23422         -21   416762877
[78]          27   212396810           6    69349631   -12938460      -19059
[84]      463282      -78354   149008251         -54      327069    98917329
[90]        -168       -1121      -79749         -27         -72          53
[96]     3823658          -2      618703    20212273
  [0]   883714761       18280          -2     2413593    -1212826    -1749662
  [6]           2  -513121776   659213633      211399          -6      103287
 [12]   820527027         219         -81       -8695           1   118243351
 [18]     -885437         -71   -80844930          32        -969   -38424495
 [24]     -344040       -8000       99201   268391057      -94501     -221124
 [30]   -35447336     -217942        4566      -18560     -198408   -88155172
 [36]      121603         312        -406           0     -212428     -555863
 [42]          75          -1    -1745168     -142453    61843801     2767261
 [48]      -32061      786355         181    15373361      -21776          62
 [54]  -225378468   -69735799    -2378282         -19 -1598975889    16737472
 [60]           1    -2445465        2043     2415616         726         223
 [66]      -26844       -7395 -2045879993       -3909        -282       -6189
 [72]       -3104  1609529011           2      -23422         -21   416762877
 [78]          27   212396810           6    69349631   -12938460      -19059
 [84]      463282      -78354   149008251         -54      327069    98917329
 [90]        -168       -1121      -79749         -27         -72          53
 [96]     3823658          -2      618703    20212273   -95957031
 [0] 0 2 8 4 6 7 2 1 9 7 2 6 6 8 4 3 3 2 0 8 3 8 7 8 2 4 1 7 6 7 6 4 8 1 1 7 7 2
[38] 0 3
 [0] -3 -7 -7 -8  0  9  5  3  0 -9  4  8  1  4 -9  9  0  2  7  1  3 -6 -6 -6  0
[25]  6  1  0  4  4 -5  3  6  5  0 -5 -3  0
 [0] -64  42 -24  75 -51  55  80  75  77 -15  19 -29  39  13  -8  68  34 -58  46
[19] -20  -4 -98  48 -29 -89 -18 -81   0  36 -44 -58  44  53  52 -64  60
 [0]  -44 -103  931  -45  487 -535  424 -305  919  -26  651 -868 -376 -527  101
[15]  815 -149 -505  939  532 -761  203 -859  581  559  993 -546  543  946 -807
[30] -217  -13  647 -440
 [0] -6311  2345 -7768  6410 -1346 -5392 -2072  8648  7763 -2394  5282  2400
[12] -6335 -2220  7946  -841  7730  1326 -2252  7920  9855  3649 -7299 -1521
[24] -8127  4949 -6103  1782  1900  7460 -1144 -9003
 [0] -57475   5717  53040  70794 -28127  39238  -1403  24377  88892 -57816
[10] -95486  49946 -15906  69253 -43232 -12374 -27354  97287  63273   6091
[20]  -7056 -74821 -86602  21135  69211  81344  86089  23040  93891  69076
 [0] -442233  179055 -916282  142367  641133 -335668  894059 -560734  600748
 [9] -509385 -931791  623578  275336  887449 -924655  -74501 -242002 -213769
[18]  920902 -920362 -219829   53816  902693  166566 -998915 -199771  652580
[27]  781594
 [0]   107753  8141073 -2655703 -9060557  7183775 -9515938  1118251 -7288582
 [8]  -686131 -1027101  -540452  5265840  8023398  1250528 -1423018 -7655203
[16]  7122133 -4909323 -8104864  6501558  4556717 -8562879 -3468578  5123576
[24] -5490527 -8293753
 [0]  10516928 -24577028 -61333141  55659776  96089771   1956401  13678474
 [7]  87083506  20116220  82275127  29200608  86659593  21227488 -70558547
[14]  49636117 -76069886  63601991 -11216249  90888706  91443286 -94548955
[21] -81089384 -58069577  -6811898
 [0] -700087268  839737345  574145044  823413744   93422837 -204957821
 [6]  312279333  770959464 -798224538  843980851  501914187 -120831408
[12] -607997704 -438797866  900430192  -79573819 -837806578 -411933717
[18]  176307443 -538452130  359514890  -85396643
 [0] -1332976084  -846001874   110152669  -598352064  -514809152  -228392759
 [6]  -179342013 -1277628565   -89895083   599037694  -922287508   878878335
[12]   510722553   446795048  -568703103   609452896 -1076829624  -429659602
[18]  -816583820   601278857
