tp2q3
1000
13593345
2018-10-23 18:40:01
initializing a[88] = { ... }
bs_insert_sort_cmp(a,...) made 444 comparisons
 [0] -2120994686 -2079705642 -2046846908 -1968445914 -1887686286 -1815250106
 [6] -1772286044 -1688243216 -1383098570 -1191395570  -977820062  -756344436
[12]  -722625532  -643519010  -565400200  -357748202  -334184728  -286324794
[18]  -284744150  -192193966  -187408696    11650598    70542148    74089278
[24]   144346688   259646784   305337262   340278428   596168406   712294454
[30]   850420248   875431404   909184122  1013454442  1087379950  1264267234
[36]  1331697594  1426346060  1463510316  1540631404  1740887202  1796818618
[42]  1884980632  1904037054  2114785244  2125130438 -1967328215 -1959129595
[48] -1821270675 -1685546399 -1597766219 -1409742321 -1301806041 -1272490405
[54] -1239765575 -1204365469 -1105643111  -890477997  -740641907  -730999981
[60]  -698787449  -693329239  -633904887  -598640951  -592904993  -581059089
[66]  -438577771  -433326707  -395727637  -378403635  -303377433  -303258679
[72]  -270601977   -66296005     -965659    26852715   116294115   269106885
[78]   270751061   280076945   414600667   557988329   654315893   875707285
[84]   963588819  1019810925  1834744385  1981015471
