tp4q3
0
13754321
2018-10-25 15:22:57
 [0] -4992 -4988 -4984 -4982 -4982 -4982 -4980 -4960 -4958 -4952 -4948 -4942
[12] -4940 -4938 -4936 -4928 -4924 -4924 -4922 -4922 -4920 -4916 -4912 -4902
[24] -4902 -4892 -4890 -4888 -4882 -4882 -4880 -4876 -4860 -4856 -4854 -4842
[36] -4842 -4826 -4818 -4818 -4814 -4804 -4798 -4796 -4794 -4790 -4790 -4784
[48] -4780 -4778 -4778 -4774 -4772 -4770 -4770 -4768 -4768 -4752 -4750 -4746
[60] -4728 -4728 -4728 -4722 -4722 -4710 -4710 -4708 -4702 -4698 -4692 -4692
[72] -4688 -4686 -4680 -4678 -4678 -4670 -4654 -4652 -4648 -4648 -4644 -4642
[84] -4640 -4636 -4628 -4622 -4614 -4612 -4610 -4606 -4604 -4600 -4598 -4592
[96] -4590 -4588 -4584 -4582
 [0]  4810  4818  4822  4828  4836  4850  4850  4850  4862  4868  4868  4870
[12]  4874  4876  4884  4894  4894  4894  4900  4902  4902  4926  4932  4932
[24]  4934  4934  4942  4944  4946  4948  4950  4952  4956  4958  4980  4980
[36]  4984  4984  4994  4994  4998 -4987 -4979 -4975 -4975 -4967 -4945 -4945
[48] -4943 -4941 -4939 -4935 -4933 -4927 -4923 -4921 -4919 -4915 -4915 -4905
[60] -4903 -4899 -4891 -4891 -4883 -4877 -4873 -4871 -4869 -4861 -4861 -4857
[72] -4851 -4845 -4843 -4831 -4829 -4807 -4807 -4807 -4805 -4799 -4791 -4791
[84] -4787 -4787 -4779 -4779 -4777 -4769 -4767 -4767 -4763 -4757 -4751 -4749
[96] -4749 -4747 -4743 -4735
 [0] 4549 4551 4557 4559 4565 4569 4583 4587 4595 4597 4601 4603 4609 4611 4615
[15] 4621 4623 4637 4645 4645 4649 4651 4653 4655 4675 4675 4689 4693 4695 4695
[30] 4701 4703 4715 4715 4717 4717 4717 4721 4733 4733 4735 4735 4739 4747 4747
[45] 4757 4763 4765 4771 4773 4775 4777 4779 4783 4785 4787 4791 4793 4811 4821
[60] 4825 4829 4831 4833 4845 4845 4845 4847 4851 4853 4861 4867 4871 4875 4879
[75] 4885 4887 4891 4893 4895 4909 4913 4917 4919 4921 4923 4923 4925 4933 4935
[90] 4935 4941 4961 4965 4971 4973 4977 4985 4999 4999
[0] 33 33 33 33 33 33 33 33 33 33
[0] 33 33 33 33 33 33 33 33 33 33
