tp4q1
0
13741348
2018-10-25 11:46:44
 3: <<<>>>>>>>>>>>>>>>>>>>>>>>>>>>>>>>>>>>>>>
 8: <<<<<<<<>>>>>>>>>>>>>>>>>>>>>>>>>>>>>>>>>
27: <<<<<<<<<<<<<<<<<<<<<<<<<<<>>>>>>>>>>>>>>
38: <<<<<<<<<<<<<<<<<<<<<<<<<<<<<<<<<<<<<<>>>
33: <<<<<<<<<<<<<<<<<<<<<<<<<<<<<<<<<>>>>>>>>
36: <<<<<<<<<<<<<<<<<<<<<<<<<<<<<<<<<<<<>>>>>
34: <<<<<<<<<<<<<<<<<<<<<<<<<<<<<<<<<<>>>>>>>
41: <<<<<<<<<<<<<<<<<<<<<<<<<<<<<<<<<<<<<<<<<
 7: <<<<<<<>>>>>>>>>>>>>>>>>>>>>>>>>>>>>>>>>>
31: <<<<<<<<<<<<<<<<<<<<<<<<<<<<<<<>>>>>>>>>>
13: <<<<<<<<<<<<<>>>>>>>>>>>>>>>>>>>>>>>>>>>>
12: <<<<<<<<<<<<>>>>>>>>>>>>>>>>>>>>>>>>>>>>>
17: <<<<<<<<<<<<<<<<<>>>>>>>>>>>>>>>>>>>>>>>>
39: <<<<<<<<<<<<<<<<<<<<<<<<<<<<<<<<<<<<<<<>>
14: <<<<<<<<<<<<<<>>>>>>>>>>>>>>>>>>>>>>>>>>>
30: <<<<<<<<<<<<<<<<<<<<<<<<<<<<<<>>>>>>>>>>>
15: <<<<<<<<<<<<<<<>>>>>>>>>>>>>>>>>>>>>>>>>>
16: <<<<<<<<<<<<<<<<>>>>>>>>>>>>>>>>>>>>>>>>>
32: <<<<<<<<<<<<<<<<<<<<<<<<<<<<<<<<>>>>>>>>>
26: <<<<<<<<<<<<<<<<<<<<<<<<<<>>>>>>>>>>>>>>>
37: <<<<<<<<<<<<<<<<<<<<<<<<<<<<<<<<<<<<<>>>>
25: <<<<<<<<<<<<<<<<<<<<<<<<<>>>>>>>>>>>>>>>>
19: <<<<<<<<<<<<<<<<<<<>>>>>>>>>>>>>>>>>>>>>>
 4: <<<<>>>>>>>>>>>>>>>>>>>>>>>>>>>>>>>>>>>>>
 9: <<<<<<<<<>>>>>>>>>>>>>>>>>>>>>>>>>>>>>>>>
24: <<<<<<<<<<<<<<<<<<<<<<<<>>>>>>>>>>>>>>>>>
35: <<<<<<<<<<<<<<<<<<<<<<<<<<<<<<<<<<<>>>>>>
28: <<<<<<<<<<<<<<<<<<<<<<<<<<<<>>>>>>>>>>>>>
21: <<<<<<<<<<<<<<<<<<<<<>>>>>>>>>>>>>>>>>>>>
 1: >>>>>>>>>>>>>>>>>>>>>>>>>>>>>>>>>>>>>>>>>
20: <<<<<<<<<<<<<<<<<<<<>>>>>>>>>>>>>>>>>>>>>
23: <<<<<<<<<<<<<<<<<<<<<<<>>>>>>>>>>>>>>>>>>
 6: <<<<<<>>>>>>>>>>>>>>>>>>>>>>>>>>>>>>>>>>>
 5: <<<<<>>>>>>>>>>>>>>>>>>>>>>>>>>>>>>>>>>>>
22: <<<<<<<<<<<<<<<<<<<<<<>>>>>>>>>>>>>>>>>>>
 1: <>>>>>>>>>>>>>>>>>>>>>>>>>>>>>>>>>>>>>>>>
40: <<<<<<<<<<<<<<<<<<<<<<<<<<<<<<<<<<<<<<<<>
11: <<<<<<<<<<<>>>>>>>>>>>>>>>>>>>>>>>>>>>>>>
10: <<<<<<<<<<>>>>>>>>>>>>>>>>>>>>>>>>>>>>>>>
29: <<<<<<<<<<<<<<<<<<<<<<<<<<<<<>>>>>>>>>>>>
 2: <<>>>>>>>>>>>>>>>>>>>>>>>>>>>>>>>>>>>>>>>
18: <<<<<<<<<<<<<<<<<<>>>>>>>>>>>>>>>>>>>>>>>
