tp5q3
0
13828989
2018-10-26 12:07:25
after heap_sort, head:
 [0]   8  10  12  14  16  20  24  32  48  52  58  60  64  70  80  82  84  88  90
[19]  94  98 100 110 112 114 124 126 132 136 144 150 154 158 162 168 174 178 186
[38] 190 194 196 204 210 212 218 222 224 228 234 240 244 248 264 268 270 272 280
[57] 290 294 298
after heap_sort, tail:
 [0] 5241473 5241477 5241481 5241483 5241487 5241491 5241495 5241499 5241503
 [9] 5241509 5241513 5241525 5241531 5241535 5241545 5241549 5241555 5241559
[18] 5241561 5241563 5241567 5241571 5241597 5241607 5241611 5241613 5241615
[27] 5241617 5241621 5241625 5241629 5241631 5241635 5241639 5241643 5241645
[36] 5241653 5241657 5241659 5241661 5241669 5241671 5241675 5241711 5241715
[45] 5241719 5241723 5241725 5241733 5241735 5241737 5241739 5241743 5241749
[54] 5241757 5241759 5241763 5241767 5241771 5241783
after intro_sort, head:
 [0]   8  10  12  14  16  20  24  32  48  52  58  60  64  70  80  82  84  88  90
[19]  94  98 100 110 112 114 124 126 132 136 144 150 154 158 162 168 174 178 186
[38] 190 194 196 204 210 212 218 222 224 228 234 240 244 248 264 268 270 272 280
[57] 290 294 298
after intro_sort, mid:
 [0] 5240942 5240946 5240962 5240964 5240972 5240976 5240978 5240988 5240990
 [9] 5240994 5240996 5241000 5241004 5241012 5241014 5241018 5241022 5241026
[18] 5241028 5241032 5241040 5241046 5241048 5241052 5241060 5241064 5241068
[27] 5241072 5241074 5241082 5241084 5241086 5241090 5241092 5241096 5241100
[36] 5241104 5241106 5241110 5241112 5241116 5241134 5241138 5241142 5241158
[45] 5241160 5241168 5241172 5241176 5241178 5241182 5241186 5241190 5241194
[54] 5241198 5241200 5241204 5241206 5241208 5241210
after intro_sort, tail:
 [0] 5241473 5241477 5241481 5241483 5241487 5241491 5241495 5241499 5241503
 [9] 5241509 5241513 5241525 5241531 5241535 5241545 5241549 5241555 5241559
[18] 5241561 5241563 5241567 5241571 5241597 5241607 5241611 5241613 5241615
[27] 5241617 5241621 5241625 5241629 5241631 5241635 5241639 5241643 5241645
[36] 5241653 5241657 5241659 5241661 5241669 5241671 5241675 5241711 5241715
[45] 5241719 5241723 5241725 5241733 5241735 5241737 5241739 5241743 5241749
[54] 5241757 5241759 5241763 5241767 5241771 5241783
