tp6q4
0
16690776
2018-11-28 15:03:52
94
[0] 0
[1] 1
[2] 1
[3] 1
[4] 1
[5] 1
[6] 1
[7] 1
[8] 0
[9] 0
[10] 0
[11] 0
[12] 1
[13] 0
[14] 1
[15] 0
[16] 0
[17] 0
[18] 1
[19] 1
[20] 1
[21] 0
[22] 0
[23] 1
[24] 0
[25] 1
[26] 0
[27] 1
[28] 0
[29] 0
[30] 0
[31] 1
[32] 0
[33] 0
[34] 0
[35] 1
[36] 1
[37] 0
[38] 1
[39] 0
[40] 0
[41] 0
[42] 1
[43] 1
[44] 0
[45] 0
[46] 1
[47] 1
[48] 0
[49] 1
[50] 1
[51] 0
[52] 1
[53] 1
[54] 0
[55] 0
[56] 1
[57] 0
[58] 0
[59] 1
[60] 0
[61] 1
[62] 0
[63] 1
[64] 1
[65] 1
[66] 1
[67] 1
[68] 1
[69] 0
[70] 1
[71] 1
[72] 1
[73] 1
[74] 0
[75] 0
[76] 1
[77] 0
[78] 1
[79] 1
[80] 1
[81] 1
[82] 1
[83] 0
[84] 1
[85] 1
[86] 1
[87] 1
[88] 1
[89] 0
[90] 1
[91] 1
[92] 1
[93] 0
