tp6q6
0
16702062
2018-11-28 18:11:58
63
Bucket[0]:	(jivyu,1) -> (uscbywcr,1)
Bucket[1]:	(zqsya,1)
Bucket[2]:	(pbfreldhl,1)
Bucket[3]:	(obqmwuft,1)
Bucket[4]:	(sabdb,1) -> (zlnst,1)
Bucket[5]:	(woetdgo,1)
Bucket[7]:	(ygwmz,1)
Bucket[8]:	(upfikbnwdm,1) -> (vboxdsf,1)
Bucket[9]:	(cwvzobku,1) -> (uxxaz,1) -> (njwwsrjnv,1)
Bucket[12]:	(mdfal,1) -> (jwszu,1) -> (iqhwjorz,1)
Bucket[13]:	(xtlkfyon,1) -> (mccxuc,1) -> (tuowu,1)
Bucket[14]:	(dpuzerh,1) -> (gidem,1) -> (dxbjzxow,1)
Bucket[15]:	(jfcanrie,1) -> (preoje,1) -> (snbca,1) -> (gclih,1) -> (kjdie,1)
Bucket[16]:	(vwswp,1) -> (wdkmbcch,1)
Bucket[17]:	(boekrqkwqi,1)
Bucket[18]:	(jkeoasdd,1) -> (yjoohex,1) -> (nkdtoow,1)
Bucket[19]:	(pyusy,1) -> (baaur,1) -> (lcojbect,1)
Bucket[20]:	(ipwpygh,1) -> (eeazg,1) -> (kcvebphwtu,1)
Bucket[21]:	(mhtfkdpph,1)
Bucket[22]:	(bhfye,1) -> (zgahd,1)
Bucket[23]:	(vbnfc,1) -> (icmfp,1)
Bucket[24]:	(jqhwmudlve,1) -> (xaasc,1) -> (ycccn,1)
Bucket[25]:	(zwquy,1) -> (hteke,1) -> (rxjmaoofum,1) -> (ioekvzu,1)
Bucket[26]:	(enudqs,1) -> (uupeeeayh,1) -> (bfcjnfbeft,1)
Bucket[27]:	(vwtwz,1) -> (dkenq,1) -> (hxwwpjov,1) -> (kcpqd,1) -> (qtqqndv,1) -> (ebauv,1)
Bucket[28]:	(fkcxh,1) -> (scpei,1) -> (qltlli,1) -> (meoji,1)
Bucket[29]:	(jatcs,1) -> (bsgnk,1)
Bucket[30]:	(lmwvkvk,1) -> (oaubo,1) -> (avjxyb,1) -> (zzsxv,1)
Bucket[31]:	(oaehz,1) -> (vabjt,1)
Bucket[32]:	(lozpuft,1) -> (ieqdu,1) -> (kbcvr,1) -> (uqbfj,1)
Bucket[33]:	(lupzppj,1) -> (ckrdu,1) -> (zfvldbjms,1) -> (lqbcw,1) -> (iuyvxswmu,1) -> (excvc,1)
Bucket[34]:	(rhckeqav,1) -> (ufrfg,1) -> (yptaqi,1) -> (ppkgwwkce,1)
Bucket[35]:	(lcxvfv,1) -> (bepsq,1)
Bucket[36]:	(ayyah,1) -> (btipm,1) -> (ynroxyyrzt,1)
Bucket[37]:	(ucizvj,1) -> (uuisat,1)
Bucket[38]:	(lgnyd,1) -> (hoqkk,1) -> (xomdf,1) -> (vimpb,1)
Bucket[39]:	(jsnvbnde,1) -> (guapr,1)
Bucket[40]:	(blwir,1) -> (fkjrs,1) -> (mtcwe,1) -> (iyjfn,1) -> (gvmog,1)
Bucket[41]:	(tqgat,1) -> (dqzem,1) -> (qyned,1)
Bucket[42]:	(zegmo,1)
Bucket[43]:	(eaxzk,1) -> (evyje,1) -> (mbycx,1)
Bucket[44]:	(vnmgqy,1) -> (rsuongdgt,1) -> (pogrl,1)
Bucket[45]:	(ycbmfbo,1) -> (uvhixo,1) -> (mjcqsiyvym,1) -> (rgpvf,1) -> (tbynh,1)
Bucket[47]:	(qevmn,1) -> (bitzn,1) -> (bwrth,1) -> (igvpq,1) -> (jbsqw,1)
Bucket[48]:	(ptcro,1) -> (werqseff,1)
Bucket[49]:	(stugf,1) -> (pmjzqu,1) -> (dihrdza,1) -> (uuoocsukd,1) -> (ksupf,1)
Bucket[50]:	(pmdsv,1) -> (smpeu,1) -> (syona,1) -> (paylt,1) -> (wapwk,1)
Bucket[51]:	(dsytg,1) -> (elutpflj,1) -> (zwbznn,1) -> (pbtov,1)
Bucket[52]:	(sdcbvcnjin,1) -> (nuwnd,1) -> (hxvcs,1) -> (ixmhv,1)
Bucket[53]:	(wiqnn,1) -> (jeibii,1) -> (uxupltlce,1) -> (vwldxv,1)
Bucket[54]:	(qontl,1) -> (qjwsi,1) -> (rpvhn,1) -> (ljbgei,1) -> (apmvfskq,1) -> (yhdrw,1) -> (bdywnywoos,1) -> (xteuudinq,1)
Bucket[55]:	(jjpyr,1) -> (dnyozzqgqo,1) -> (pmlyaten,1) -> (jinuy,1)
Bucket[56]:	(yyfio,1) -> (rmcarph,1)
Bucket[57]:	(caiisrs,1) -> (sysvvos,1) -> (fsvfccs,1) -> (uqrlm,1) -> (xkqvg,1) -> (uozfm,1)
Bucket[58]:	(wnfmz,1) -> (msydu,1) -> (cphmah,1) -> (kflohsh,1) -> (snont,1)
Bucket[59]:	(uxbvn,1) -> (temvw,1) -> (uikyq,1)
Bucket[61]:	(txzgtahf,1)
Bucket[62]:	(vraux,1) -> (wzidcgoz,1) -> (yilpx,1) -> (xahlfpawra,1) -> (pgzqt,1)
63
Bucket[28]:	(fkcxh,183)
