tp6q11
0
16715511
2018-11-28 21:56:07
32
Bucket[0]:	(exibx,1) -> (ceqyn,1)
Bucket[1]:	(tykut,1) -> (rhnxhy,1) -> (fzalapolxvz,1) -> (zevisp,1) -> (pxziv,1) -> (roonhxc,1) -> (tstvfgrq,1)
Bucket[2]:	(fpney,1) -> (mgxdqxhzg,1)
Bucket[3]:	(lvenxv,1) -> (vqoytsm,1) -> (ixfzb,1) -> (dspqk,1)
Bucket[4]:	(rpescjwf,1) -> (aeait,1) -> (spemo,1) -> (qglku,1) -> (diwoq,1) -> (qvtifwc,1) -> (kqzihzjedzv,1) -> (hzvopoili,1)
Bucket[5]:	(tonfzjwfbgd,1) -> (qvgqf,1) -> (kcgbzzxxnrj,1) -> (iuxkd,1) -> (gdvpxjr,1) -> (pimls,1)
Bucket[6]:	(tvcet,1) -> (ustowhdx,1) -> (djfgffzxm,1)
Bucket[7]:	(rlvdpjmnz,1) -> (doyugkt,1) -> (kxewh,1) -> (kcpbeiy,1)
Bucket[8]:	(cyuqf,1) -> (roggy,1) -> (dbyalcwmu,1) -> (grnlu,1) -> (iswep,1) -> (hdjohmjyxs,1) -> (fameschmd,1) -> (bdfvmefthr,1)
Bucket[9]:	(gccew,1) -> (ltukrexeli,1) -> (mtndqjovluu,1) -> (upeqn,1) -> (aycvkxrzxan,1) -> (qtcgwjpi,1) -> (alsyp,1)
Bucket[10]:	(agtmekq,1) -> (uphebv,1) -> (dvtvf,1) -> (revmswxn,1) -> (dqpbqump,1)
Bucket[11]:	(barpf,1) -> (dqdyy,1) -> (dvisgkvemmn,1) -> (rsvcm,1) -> (wfiuugcq,1)
Bucket[12]:	(opqug,1) -> (vkuqe,1) -> (qcfbpuib,1) -> (ocwlw,1) -> (xlhxce,1) -> (ljsjy,1)
Bucket[13]:	(kgchnlv,1)
Bucket[14]:	(cjxyp,1) -> (uoufdlgcu,1) -> (ojtro,1) -> (rydtyvhas,1)
Bucket[15]:	(evaqfpl,1) -> (fahqo,1) -> (nwkqn,1) -> (oaxyufdhg,1)
Bucket[16]:	(sewcjgm,1) -> (fucxqi,1)
Bucket[17]:	(wppok,1) -> (fizncucnqzf,1) -> (ceelsutsi,1) -> (gbxvdcqjwsn,1) -> (kzzfl,1) -> (ipytk,1) -> (uhokz,1) -> (jcrii,1) -> (huziq,1)
Bucket[18]:	(iifygdv,1) -> (qaiujx,1) -> (duyvai,1)
Bucket[19]:	(ocpsrusd,1) -> (gwmkbnxu,1) -> (zzzxqqk,1) -> (wkhyp,1) -> (sxgajgo,1) -> (lfufczebtn,1) -> (ndihp,1) -> (vwrokelabf,1) -> (dxvufabc,1)
Bucket[20]:	(pmmeedowgo,1) -> (pvfzn,1) -> (voztnqvcxq,1)
Bucket[21]:	(sbvhb,1) -> (ykdxknkq,1) -> (ngojg,1)
Bucket[22]:	(owzpf,1) -> (clbzk,1) -> (dbbck,1) -> (qcdcrccnhm,1) -> (tgpnccw,1) -> (cakdc,1) -> (euabdtzg,1)
Bucket[23]:	(cnfpilnal,1) -> (oisic,1) -> (sdqexhjwi,1) -> (tlwnqxyek,1) -> (rvtjq,1) -> (rsqjw,1) -> (gzzjzwiljb,1) -> (zkvxckuhvab,1) -> (duutu,1)
Bucket[24]:	(awozloknun,1) -> (czusgsxyh,1) -> (lgnav,1) -> (fhyzw,1) -> (jawjrfrb,1) -> (ylvwf,1)
Bucket[25]:	(zvkpn,1) -> (wkbiys,1) -> (edsmytc,1) -> (qekcu,1)
Bucket[26]:	(bhkbc,1) -> (jadzq,1) -> (oygja,1) -> (jvlvx,1) -> (jnyvkyipv,1)
Bucket[27]:	(bfdqiu,1) -> (fkjborxe,1) -> (ldopl,1) -> (gtrzt,1)
Bucket[28]:	(spdxjcld,1) -> (gtqmc,1)
Bucket[29]:	(lnvvgp,1) -> (hkmsewcjwj,1)
Bucket[30]:	(qvott,1) -> (hdjkavmsdb,1) -> (ojvurh,1) -> (mppeljpf,1) -> (cutqapkgyov,1) -> (uooch,1) -> (aykbw,1) -> (xzeoovgl,1) -> (epbpw,1)
Bucket[31]:	(kqibx,1) -> (iscesoy,1) -> (kafdfnwmq,1) -> (pqrdh,1)
nbcol : 9
32
Bucket[1]:	(owzpf,157)
nbcol : 1
