tp6q2
0
16686389
2018-11-28 13:50:45
sywxp 587
rviip 554
hlqahf 628
zwytd 578
nkift 540
orpzq 572
pdekr 534
cqzhf 540
fejob 518
komtkw 669
vuseua 665
zeqpa 545
lpzwir 680
zrqcj 554
irosm 554
isxiq 558
tgske 542
elryg 547
fsoxn 558
edalw 525
rwrqe 561
nnwnh 553
zxmhb 553
xcefi 527
dmvrs 556
nwtrf 561
cbqrw 543
prcso 551
iogox 550
oetzkml 774
mkuoz 566
lvczq 560
gidij 519
eogpg 530
aemvn 535
gnqzzms 794
prhhv 552
pxlsb 553
hlhfs 533
oaprb 532
rxzcf 557
vedkn 536
nahyaq 642
tmquy 576
vpecr 544
fxptb 548
jyngf 542
jtatl 543
gdnye 535
qrgnt 556
lpqza 552
pfdce 514
neeede 614
ywsiu 577
lcafbld 712
bfnqdm 632
wlvcz 566
bwfwuid 760
ggjca 508
ygnnhm 657
kdnig 525
