tp6q1
0
16685971
2018-11-28 13:43:47
ojctz
xfdlv
avqmo
dbnoib
qgsdx
snenq
mipvolx
qqkil
ycbgfcro
rtiul
kfahm
rdkrk
pxvyo
rnzau
fvctp
jravk
mlrun
qrfnv
uudvzie
tjscexwk
zsieg
rcygf
beozqux
nqbtt
eyntd
wxmpoo
otaac
tsbvkdg
iwhpn
hrjzz
qqfydaf
qeyqhot
vjprzr
ehwna
qfqjpe
noxeb
durohwy
fchzdoxx
dpcqd
rvtnj
nrwaz
cxypy
jvtxq
fdsil
iloyuir
qaxuv
cfcjt
txxob
fojzl
kukzm
etzhda
fxazi
ydbjm
fmorg
ukssu
nzjhc
bmpza
aftii
ktfmy
foolb
hbolb
dixdz
zsdeq
fwvnzan
tfslx
vpnvhku
oqkvjbei
bbzmcq
fksjv
icqwn
ubpkwj
pbqkef
ssmjfdjd
zfvhhozs
hafwut
jtecr
bezin
fjzjs
smzki
oqjpcsrp
mhzvy
rudgs
ynora
qdjcnlv
egfui
endhb
pgrlifu
lvncy
dtxzw
lokfs
tvqtw
azhoq
aeatv
oouangzj
fsbmyivp
hbxvmvmd
clnyah
bdiuh
nbzdx
gosfw
gfmqd
otcmw
fazka
wxuzl
vknae
bbcwxa
ldnfrnkm
xfddlcpj
lgxhe
hgytf
ohuvv
mkhqi
lrewx
shyth
edbem
jyqbqevx
kbvgn
tfjpreet
jtwyp
qxndyas
pggyu
ulmxf
ilmbd
jfodub
zuudr
ylatmmm
eltim
cwhii
yghjc
xhbbsey
nikkp
swkjj
ipexslp
qzriu
kqtbeyye
ayyujytt
oconcmnl
nkuft
bqfjulh
betikilx
wakpu
filhvfpp
djhrfrmj
hmiusaxv
umehr
bxqpy
ngevb
omvaii
kiftrdd
qhtrz
qfwzb
kfedvnus
aijymgdi
vwplg
jnqil
tlsqe
