tp6q10
0
16708583
2018-11-28 20:00:39
71
Bucket[0]:	(qliyvskevp,1)
Bucket[1]:	(cqlqng,1) -> (vqpkphiep,1)
Bucket[2]:	(zcgcx,1)
Bucket[3]:	(qjrzsvu,1)
Bucket[4]:	(dumpd,1)
Bucket[6]:	(jyfyk,1)
Bucket[7]:	(bemfz,1)
Bucket[8]:	(bqrro,1) -> (ggsmirnnzf,1)
Bucket[9]:	(pktra,1)
Bucket[11]:	(youea,1)
Bucket[12]:	(vfdwv,1)
Bucket[13]:	(kdtpnv,1) -> (jjhwil,1)
Bucket[14]:	(wyzuw,1)
Bucket[15]:	(jjjvlgiq,1)
Bucket[16]:	(djchk,1) -> (dimmi,1)
Bucket[17]:	(ekelw,1)
Bucket[19]:	(wfcdvp,1) -> (cacab,1) -> (rukpvdtjv,1)
Bucket[20]:	(mbiqr,1)
Bucket[21]:	(hwgadumvei,1)
Bucket[22]:	(sqwoo,1) -> (krqsqcxxu,1)
Bucket[23]:	(cxwjvdxw,1)
Bucket[24]:	(ugxxuxace,1) -> (qowiev,1)
Bucket[25]:	(pxvczl,1) -> (yfjxj,1)
Bucket[26]:	(upssohnwza,1)
Bucket[27]:	(nfyjn,1) -> (gcjtsuj,1)
Bucket[28]:	(lollnwrwvg,1) -> (wtczufsa,1)
Bucket[29]:	(dabad,1) -> (trdguonksx,1) -> (lrimp,1)
Bucket[30]:	(lhprhio,1)
Bucket[31]:	(uliybk,1) -> (iepgexuf,1)
Bucket[32]:	(uaovg,1) -> (vzpgw,1)
Bucket[33]:	(hpslswcqs,1)
Bucket[35]:	(dauuyfior,1) -> (yfymq,1) -> (pyxwk,1)
Bucket[37]:	(dzpnghe,1) -> (fbngq,1)
Bucket[39]:	(eouui,1)
Bucket[40]:	(fqtxh,1)
Bucket[41]:	(vpgqgxr,1)
Bucket[42]:	(jcxepfbifx,1)
Bucket[43]:	(iqvtiiwzqgs,1)
Bucket[45]:	(fuuwa,1)
Bucket[46]:	(vetju,1)
Bucket[48]:	(pbjsr,1)
Bucket[49]:	(cymwovbhko,1) -> (vmqgp,1)
Bucket[52]:	(aekibivbmnd,1)
Bucket[53]:	(jwhxb,1) -> (evuxbet,1)
Bucket[56]:	(qewjcdykqek,1)
Bucket[57]:	(hdxba,1)
Bucket[59]:	(ugijbyjqie,1) -> (yarbe,1)
Bucket[60]:	(fqotg,1) -> (qmukl,1)
Bucket[62]:	(nmmuw,1) -> (stftb,1)
Bucket[63]:	(mnfiif,1)
Bucket[65]:	(deoso,1)
Bucket[68]:	(eeqwe,1)
