tp6q12
0
16715526
2018-11-28 21:56:22
1
Bucket[0]:	(abqyfncrthnfesvbtzeghen,1) -> (upfnyyjliicjhvxuskfublj,1) -> (wzohq,1) -> (evdpqixburzfm,1) -> (iltwm,1) -> (xpzsceoqfn,1) -> (flgkwnavcew,1) -> (obxpt,1) -> (ntdoujz,1) -> (jnycv,1) -> (zqcoj,1) -> (gjvtjvxz,1) -> (tkuro,1) -> (wsnwlmwo,1) -> (pltnhozqwkmrm,1) -> (ygyjzdn,1) -> (upxcwkffggjynbxpgm,1) -> (pmpxuksl,1) -> (ulcrl,1) -> (luqgn,1) -> (etebt,1) -> (swzbu,1) -> (zvntvipiruimygzuodh,1) -> (lhonxgcdi,1) -> (qptncgclyncecvhmy,1) -> (yxegkcljlqjuvmp,1) -> (jvkxsvjptwxkegmbcxrvsb,1) -> (qgcyhdmjsucyrc,1) -> (joevlpdcvrqymzmhwo,1) -> (ehlaguff,1) -> (kloayuqtkmrndbkjzb,1) -> (awqmf,1) -> (rugxtxsvsttnuorucoyuihs,1) -> (lxukimslnzzjalezfse,1) -> (hphwjf,1) -> (nqovxbkyucvzvwartl,1) -> (asqenppfeyjryf,1) -> (qvaryrpiil,1) -> (esjaeqsemsqazwcasuu,1) -> (ojaqmkmgypxxivawaxgz,1) -> (xoiyy,1) -> (jmtetj,1) -> (fyqpotwdmeuthedmghwrbtb,1) -> (ugyscjpn,1) -> (pnmitcgvuuuutjjsckmqm,1) -> (upxoua,1) -> (lxgimkfshlfjcszp,1) -> (wlxoxkyhxg,1) -> (rahgazomhtnfnxavduosvdd,1) -> (nchmqqyzs,1) -> (hviirwpswhrjyvwcdeht,1) -> (irijjoegkhsbzyqxkoe,1) -> (dlukdfdzbdicjgzro,1) -> (ajjzkdopjqvdchhwnx,1) -> (ntmggf,1) -> (jiiaoqytqfutsofnddmserd,1) -> (dctif,1) -> (nwimcpwfdsuqdvgsfuife,1) -> (sgtsfz,1) -> (pnkbovcokaegpngxqwwgjco,1) -> (uidugejcwhifkis,1) -> (ulvyi,1) -> (lztgy,1) -> (nlbpebpcflbqztzne,1) -> (ptsrtnoauhwlyvqtqvzou,1) -> (jiqko,1) -> (aztqru,1) -> (oxtiqwqlppkbsemnsrywxj,1) -> (tlsji,1) -> (jsqgbiislew,1) -> (zyctsjycfxuqysswmo,1) -> (zekcs,1) -> (snckimlvklywerpleaoxe,1) -> (iieqz,1) -> (xjvpanvjquvnbespjmcgzgj,1) -> (gdbvqodobbmplubv,1) -> (zjgpwsekiashvjxnrmy,1) -> (ydpsv,1) -> (lyrdew,1) -> (kmponxzwb,1) -> (kgdgw,1) -> (rnkqf,1) -> (nedjfgzqn,1) -> (qywvwevkgoegpoig,1) -> (xlgslnfdf,1) -> (oszltfiiyzkernvlcsdsb,1) -> (gcbbm,1) -> (tucvzquxeq,1) -> (gvzbxuodmqlmblu,1) -> (beczqgofuk,1) -> (epasmrmfuzl,1) -> (jxwbz,1) -> (xlbylduiidyszteqhlvjzn,1) -> (opepo,1) -> (okqlfrdfkfycdfljvi,1) -> (lbviuwfrpgcfnremnerhjk,1) -> (ieaaylqtllqwppawadxzwih,1) -> (wshmuhfjwlylxjcizva,1) -> (tfmiyyrsdipucloz,1) -> (tmexzfagjkzkwj,1) -> (coiml,1) -> (dsnoedlyizhyrhdaoeuvaq,1) -> (fldtgoizqm,1) -> (gsnljvrpyj,1) -> (mxzkrwozfbnbcl,1) -> (ocxkewiidnaltvthrkxrli,1) -> (ohflfjajxgzkzvzxbddyn,1) -> (nflqq,1) -> (fgqyvvxrrnoqvtz,1) -> (vbthziemwacjvzb,1) -> (kwmefrmvxilqjdmqosdhzq,1) -> (smneg,1) -> (rmfrabfaavormxxccxfjjl,1) -> (inufzii,1) -> (icufbmkmoxpajtrgniojdh,1) -> (zvatvkhmbxa,1) -> (vxshan,1) -> (dhids,1) -> (jmamp,1) -> (xjmjij,1) -> (lzdaxlae,1) -> (bwnym,1) -> (wzezmpbssddeamttwwkkcr,1) -> (bbyjt,1) -> (rkhyj,1) -> (egutifbgahdpx,1) -> (ooyad,1) -> (frdqewjssavluekx,1) -> (dnsbsfqidlehylcvbkh,1) -> (cxvjyu,1) -> (wuldtlihxlwuosqtyyjaw,1) -> (ufayqns,1) -> (iocpc,1) -> (pqxvgdlwffxgefrvbarelph,1)
free : -1
72
Bucket[1]:	(fdfha,1)
Bucket[6]:	(daloxv,1)
Bucket[8]:	(ojfmxl,1)
Bucket[21]:	(jwlibbsgi,1)
Bucket[31]:	(lbism,1)
Bucket[41]:	(rujek,1)
Bucket[44]:	(erszdbr,1)
Bucket[48]:	(zudcr,1)
Bucket[55]:	(vldrevt,1) -> (rbfdmkcv,1)
Bucket[63]:	(rlqsu,1) -> (njidok,1)
free : 0
27
Bucket[2]:	(ccvwwrwudriwphv,1)
Bucket[3]:	(rpquefnbuuelrv,1)
Bucket[6]:	(dznoqlam,1) -> (bxuslncvscdxrarpq,1)
Bucket[13]:	(pwsvt,1)
Bucket[19]:	(axhnqfubg,1) -> (mddaoivofrxe,1)
Bucket[22]:	(xdlvqyjpmtfx,1)
Bucket[23]:	(zopfsm,1)
Bucket[25]:	(zaysnfsumacjszgvpbolbj,1) -> (edjvq,1) -> (bdfzvpvvazmutbpztwsxyn,1)
free : 0
74
Bucket[9]:	(ogqag,1)
Bucket[31]:	(ilrdz,1)
Bucket[35]:	(thqwe,1)
Bucket[43]:	(hvxtg,1)
Bucket[60]:	(mqpdsg,1)
free : 0
35
Bucket[2]:	(tvaac,1)
Bucket[5]:	(ibbeocyhfutdpbb,1)
Bucket[15]:	(nbranfwgk,1)
Bucket[18]:	(wzpkwvcwyyy,1)
Bucket[19]:	(ciilkxn,1)
free : 0
39
Bucket[2]:	(vaoreher,1) -> (rbrqaogn,1) -> (nlexm,1)
Bucket[4]:	(lyzasnteyvhwhl,1)
Bucket[5]:	(mkzkgwnmfejulze,1) -> (finxlqwlvbbxczg,1)
Bucket[9]:	(jszfn,1)
Bucket[11]:	(kpocbmt,1)
Bucket[13]:	(cprymy,1)
Bucket[17]:	(caromkttutfyli,1)
Bucket[22]:	(jpufajoyrslnk,1)
Bucket[23]:	(xllbydzsuj,1)
Bucket[25]:	(rptftkiotyr,1)
Bucket[29]:	(bvhes,1)
Bucket[30]:	(kbjxez,1) -> (aenly,1)
Bucket[37]:	(ghpjw,1)
Bucket[38]:	(uwngfikyrhygbeyix,1)
free : 0
32
Bucket[0]:	(ztfmxoytjugppe,1)
Bucket[1]:	(jqltgzwn,1)
Bucket[2]:	(ucghnpgbfxlqkxiowamahp,1) -> (fpaqurpbuykjtevhgxnue,1)
Bucket[3]:	(cqlnthcmi,1)
Bucket[5]:	(bpkswydoszqgm,1)
Bucket[7]:	(hsaib,1)
Bucket[8]:	(mgfvabxxtfja,1)
Bucket[10]:	(vaszf,1)
Bucket[11]:	(jlmkipaiobrcearaevwut,1)
Bucket[14]:	(mngsy,1)
Bucket[15]:	(smbffrlmgo,1)
Bucket[16]:	(clpzw,1)
Bucket[18]:	(hxgjcvwfqqrydvmxmr,1) -> (yjgmgqjyuqhokatwwat,1)
Bucket[22]:	(lsgmc,1) -> (cumugzqivyggrwgt,1) -> (flnfhkjflucfibrow,1)
Bucket[24]:	(skvnmoln,1)
Bucket[31]:	(vopiwbtpkvtgh,1)
free : 4
69
Bucket[4]:	(gpuoq,1) -> (axmwo,1)
Bucket[14]:	(uwsoh,1)
Bucket[29]:	(zfgdshfm,1) -> (rvzmhit,1)
Bucket[33]:	(wiqjjoybx,1)
Bucket[36]:	(icgpd,1)
Bucket[42]:	(efqpa,1) -> (rktyjhfd,1)
Bucket[43]:	(vmrfhu,1)
Bucket[63]:	(mtsma,1) -> (rljya,1)
Bucket[67]:	(mzqam,1) -> (fwnkp,1)
free : 0
51
Bucket[32]:	(ickavv,1)
Bucket[46]:	(zjsgn,1)
free : 0
62
Bucket[1]:	(cvqmx,1)
Bucket[10]:	(yiqlbynf,1)
Bucket[35]:	(tofvxntevhypp,1)
Bucket[36]:	(jzfxwerxbobhmd,1)
Bucket[42]:	(cxenl,1)
Bucket[49]:	(frydl,1) -> (qwtwrppp,1)
Bucket[56]:	(fesjktbhfiyw,1)
free : 0
79
Bucket[2]:	(ntnxc,1) -> (lwhiw,1) -> (gurno,1)
Bucket[4]:	(ulmnq,1)
Bucket[8]:	(erwjy,1)
Bucket[10]:	(omjty,1)
Bucket[11]:	(utint,1)
Bucket[12]:	(siytl,1)
Bucket[13]:	(tqeuw,1)
Bucket[14]:	(pojzt,1)
Bucket[25]:	(dsttbp,1)
Bucket[35]:	(ovomft,1)
Bucket[36]:	(zrvyr,1)
Bucket[48]:	(bdlcu,1)
Bucket[50]:	(ackkr,1)
Bucket[56]:	(dsboj,1)
Bucket[66]:	(lwefn,1)
Bucket[67]:	(kirkl,1)
Bucket[75]:	(xmixuub,1)
free : 0
